[    0.000000] Linux version 4.15.0-54-generic (buildd@lgw01-amd64-014) (gcc version 7.4.0 (Ubuntu 7.4.0-1ubuntu1~18.04.1)) #58-Ubuntu SMP Mon Jun 24 10:55:24 UTC 2019 (Ubuntu 4.15.0-54.58-generic 4.15.18)
[    0.000000] Command line: BOOT_IMAGE=/boot/vmlinuz-4.15.0-54-generic root=LABEL=cloudimg-rootfs ro console=tty1 console=ttyS0
[    0.000000] KERNEL supported cpus:
[    0.000000]   Intel GenuineIntel
[    0.000000]   AMD AuthenticAMD
[    0.000000]   Centaur CentaurHauls
[    0.000000] x86/fpu: Supporting XSAVE feature 0x001: 'x87 floating point registers'
[    0.000000] x86/fpu: Supporting XSAVE feature 0x002: 'SSE registers'
[    0.000000] x86/fpu: Supporting XSAVE feature 0x004: 'AVX registers'
[    0.000000] x86/fpu: xstate_offset[2]:  576, xstate_sizes[2]:  256
[    0.000000] x86/fpu: Enabled xstate features 0x7, context size is 832 bytes, using 'standard' format.
[    0.000000] e820: BIOS-provided physical RAM map:
[    0.000000] BIOS-e820: [mem 0x0000000000000000-0x000000000009fbff] usable
[    0.000000] BIOS-e820: [mem 0x000000000009fc00-0x000000000009ffff] reserved
[    0.000000] BIOS-e820: [mem 0x00000000000f0000-0x00000000000fffff] reserved
[    0.000000] BIOS-e820: [mem 0x0000000000100000-0x000000003ffeffff] usable
[    0.000000] BIOS-e820: [mem 0x000000003fff0000-0x000000003fffffff] ACPI data
[    0.000000] BIOS-e820: [mem 0x00000000fec00000-0x00000000fec00fff] reserved
[    0.000000] BIOS-e820: [mem 0x00000000fee00000-0x00000000fee00fff] reserved
[    0.000000] BIOS-e820: [mem 0x00000000fffc0000-0x00000000ffffffff] reserved
[    0.000000] NX (Execute Disable) protection: active
[    0.000000] SMBIOS 2.5 present.
[    0.000000] DMI: innotek GmbH VirtualBox/VirtualBox, BIOS VirtualBox 12/01/2006
[    0.000000] Hypervisor detected: KVM
[    0.000000] e820: last_pfn = 0x3fff0 max_arch_pfn = 0x400000000
[    0.000000] MTRR: Disabled
[    0.000000] x86/PAT: MTRRs disabled, skipping PAT initialization too.
[    0.000000] CPU MTRRs all blank - virtualized system.
[    0.000000] x86/PAT: Configuration [0-7]: WB  WT  UC- UC  WB  WT  UC- UC  
[    0.000000] found SMP MP-table at [mem 0x0009fff0-0x0009ffff] mapped at [        (ptrval)]
[    0.000000] Scanning 1 areas for low memory corruption
[    0.000000] RAMDISK: [mem 0x35a93000-0x36d40fff]
[    0.000000] ACPI: Early table checksum verification disabled
[    0.000000] ACPI: RSDP 0x00000000000E0000 000024 (v02 VBOX  )
[    0.000000] ACPI: XSDT 0x000000003FFF0030 00003C (v01 VBOX   VBOXXSDT 00000001 ASL  00000061)
[    0.000000] ACPI: FACP 0x000000003FFF00F0 0000F4 (v04 VBOX   VBOXFACP 00000001 ASL  00000061)
[    0.000000] ACPI: DSDT 0x000000003FFF0470 0021FF (v02 VBOX   VBOXBIOS 00000002 INTL 20180105)
[    0.000000] ACPI: FACS 0x000000003FFF0200 000040
[    0.000000] ACPI: FACS 0x000000003FFF0200 000040
[    0.000000] ACPI: APIC 0x000000003FFF0240 00005C (v02 VBOX   VBOXAPIC 00000001 ASL  00000061)
[    0.000000] ACPI: SSDT 0x000000003FFF02A0 0001CC (v01 VBOX   VBOXCPUT 00000002 INTL 20180105)
[    0.000000] No NUMA configuration found
[    0.000000] Faking a node at [mem 0x0000000000000000-0x000000003ffeffff]
[    0.000000] NODE_DATA(0) allocated [mem 0x3ffc5000-0x3ffeffff]
[    0.000000] kvm-clock: cpu 0, msr 0:3ff44001, primary cpu clock
[    0.000000] kvm-clock: Using msrs 4b564d01 and 4b564d00
[    0.000000] kvm-clock: using sched offset of 3696631489 cycles
[    0.000000] clocksource: kvm-clock: mask: 0xffffffffffffffff max_cycles: 0x1cd42e4dffb, max_idle_ns: 881590591483 ns
[    0.000000] Zone ranges:
[    0.000000]   DMA      [mem 0x0000000000001000-0x0000000000ffffff]
[    0.000000]   DMA32    [mem 0x0000000001000000-0x000000003ffeffff]
[    0.000000]   Normal   empty
[    0.000000]   Device   empty
[    0.000000] Movable zone start for each node
[    0.000000] Early memory node ranges
[    0.000000]   node   0: [mem 0x0000000000001000-0x000000000009efff]
[    0.000000]   node   0: [mem 0x0000000000100000-0x000000003ffeffff]
[    0.000000] Reserved but unavailable: 114 pages
[    0.000000] Initmem setup node 0 [mem 0x0000000000001000-0x000000003ffeffff]
[    0.000000] ACPI: PM-Timer IO Port: 0x4008
[    0.000000] IOAPIC[0]: apic_id 2, version 32, address 0xfec00000, GSI 0-23
[    0.000000] ACPI: INT_SRC_OVR (bus 0 bus_irq 0 global_irq 2 dfl dfl)
[    0.000000] ACPI: INT_SRC_OVR (bus 0 bus_irq 9 global_irq 9 low level)
[    0.000000] Using ACPI (MADT) for SMP configuration information
[    0.000000] smpboot: Allowing 2 CPUs, 0 hotplug CPUs
[    0.000000] PM: Registered nosave memory: [mem 0x00000000-0x00000fff]
[    0.000000] PM: Registered nosave memory: [mem 0x0009f000-0x0009ffff]
[    0.000000] PM: Registered nosave memory: [mem 0x000a0000-0x000effff]
[    0.000000] PM: Registered nosave memory: [mem 0x000f0000-0x000fffff]
[    0.000000] e820: [mem 0x40000000-0xfebfffff] available for PCI devices
[    0.000000] Booting paravirtualized kernel on KVM
[    0.000000] clocksource: refined-jiffies: mask: 0xffffffff max_cycles: 0xffffffff, max_idle_ns: 7645519600211568 ns
[    0.000000] random: get_random_bytes called from start_kernel+0x99/0x4fd with crng_init=0
[    0.000000] setup_percpu: NR_CPUS:8192 nr_cpumask_bits:2 nr_cpu_ids:2 nr_node_ids:1
[    0.000000] percpu: Embedded 46 pages/cpu @        (ptrval) s151552 r8192 d28672 u1048576
[    0.000000] PV qspinlock hash table entries: 256 (order: 0, 4096 bytes)
[    0.000000] Built 1 zonelists, mobility grouping on.  Total pages: 257913
[    0.000000] Policy zone: DMA32
[    0.000000] Kernel command line: BOOT_IMAGE=/boot/vmlinuz-4.15.0-54-generic root=LABEL=cloudimg-rootfs ro console=tty1 console=ttyS0
[    0.000000] Memory: 983456K/1048120K available (12300K kernel code, 2473 rwdata, 4272K rodata, 2408K init, 2416K bss, 64664K reserved, 0K cma-reserved)
[    0.000000] SLUB: HWalign=64, Order=0-3, MinObjects=0, CPUs=2, Nodes=1
[    0.000000] Kernel/User page tables isolation: enabled
[    0.000000] ftrace: allocating 39216 entries in 154 pages
[    0.004000] Hierarchical RCU implementation.
[    0.004000] 	RCU restricting CPUs from NR_CPUS=8192 to nr_cpu_ids=2.
[    0.004000] 	Tasks RCU enabled.
[    0.004000] RCU: Adjusting geometry for rcu_fanout_leaf=16, nr_cpu_ids=2
[    0.004000] NR_IRQS: 524544, nr_irqs: 440, preallocated irqs: 16
[    0.004000] Console: colour VGA+ 80x25
[    0.004000] console [tty1] enabled
[    0.004000] console [ttyS0] enabled
[    0.004000] ACPI: Core revision 20170831
[    0.004000] ACPI: 2 ACPI AML tables successfully acquired and loaded
[    0.004000] APIC: Switch to symmetric I/O mode setup
[    0.004000] x2apic enabled
[    0.004000] Switched APIC routing to physical x2apic.
[    0.004000] ..TIMER: vector=0x30 apic1=0 pin1=2 apic2=-1 pin2=-1
[    0.004007] tsc: Detected 1696.146 MHz processor
[    0.005035] Calibrating delay loop (skipped) preset value.. 3392.29 BogoMIPS (lpj=6784584)
[    0.008005] pid_max: default: 32768 minimum: 301
[    0.009076] Security Framework initialized
[    0.009967] Yama: becoming mindful.
[    0.012054] AppArmor: AppArmor initialized
[    0.016858] Dentry cache hash table entries: 131072 (order: 8, 1048576 bytes)
[    0.020109] Inode-cache hash table entries: 65536 (order: 7, 524288 bytes)
[    0.024047] Mount-cache hash table entries: 2048 (order: 2, 16384 bytes)
[    0.025827] Mountpoint-cache hash table entries: 2048 (order: 2, 16384 bytes)
[    0.028176] mce: CPU supports 0 MCE banks
[    0.029399] Last level iTLB entries: 4KB 512, 2MB 8, 4MB 8
[    0.030971] Last level dTLB entries: 4KB 512, 2MB 32, 4MB 32, 1GB 0
[    0.032005] Spectre V2 : Mitigation: Full generic retpoline
[    0.033587] Spectre V2 : Spectre v2 / SpectreRSB mitigation: Filling RSB on context switch
[    0.036003] Speculative Store Bypass: Vulnerable
[    0.040081] MDS: Vulnerable: Clear CPU buffers attempted, no microcode
[    0.041910] Freeing SMP alternatives memory: 36K
[    0.048000] smpboot: CPU0: Intel(R) Core(TM) i5-3317U CPU @ 1.70GHz (family: 0x6, model: 0x3a, stepping: 0x9)
[    0.048000] Performance Events: unsupported p6 CPU model 58 no PMU driver, software events only.
[    0.048070] Hierarchical SRCU implementation.
[    0.052267] NMI watchdog: Perf event create on CPU 0 failed with -2
[    0.056010] NMI watchdog: Perf NMI watchdog permanently disabled
[    0.060106] smp: Bringing up secondary CPUs ...
[    0.061212] x86: Booting SMP configuration:
[    0.062173] .... node  #0, CPUs:      #1
[    0.004000] kvm-clock: cpu 1, msr 0:3ff44041, secondary cpu clock
[    0.004000] mce: CPU supports 0 MCE banks
[    0.068032] smp: Brought up 1 node, 2 CPUs
[    0.068927] smpboot: Max logical packages: 1
[    0.069842] smpboot: Total of 2 processors activated (6784.58 BogoMIPS)
[    0.071389] devtmpfs: initialized
[    0.072094] x86/mm: Memory block size: 128MB
[    0.076192] evm: security.selinux
[    0.077201] evm: security.SMACK64
[    0.078288] evm: security.SMACK64EXEC
[    0.080009] evm: security.SMACK64TRANSMUTE
[    0.081223] evm: security.SMACK64MMAP
[    0.084006] evm: security.apparmor
[    0.088004] evm: security.ima
[    0.088943] evm: security.capability
[    0.092168] clocksource: jiffies: mask: 0xffffffff max_cycles: 0xffffffff, max_idle_ns: 7645041785100000 ns
[    0.094177] futex hash table entries: 512 (order: 3, 32768 bytes)
[    0.095504] pinctrl core: initialized pinctrl subsystem
[    0.096886] RTC time:  1:18:07, date: 07/16/19
[    0.100267] NET: Registered protocol family 16
[    0.101311] audit: initializing netlink subsys (disabled)
[    0.104053] audit: type=2000 audit(1563239892.053:1): state=initialized audit_enabled=0 res=1
[    0.132042] cpuidle: using governor ladder
[    0.136021] cpuidle: using governor menu
[    0.137477] ACPI: bus type PCI registered
[    0.138934] acpiphp: ACPI Hot Plug PCI Controller Driver version: 0.5
[    0.140159] PCI: Using configuration type 1 for base access
[    0.145213] HugeTLB registered 2.00 MiB page size, pre-allocated 0 pages
[    0.148127] ACPI: Added _OSI(Module Device)
[    0.149326] ACPI: Added _OSI(Processor Device)
[    0.150514] ACPI: Added _OSI(3.0 _SCP Extensions)
[    0.152021] ACPI: Added _OSI(Processor Aggregator Device)
[    0.156016] ACPI: Added _OSI(Linux-Dell-Video)
[    0.156957] ACPI: Added _OSI(Linux-Lenovo-NV-HDMI-Audio)
[    0.160006] ACPI: Added _OSI(Linux-HPI-Hybrid-Graphics)
[    0.161462] ACPI: Executed 1 blocks of module-level executable AML code
[    0.168353] ACPI: Interpreter enabled
[    0.172025] ACPI: (supports S0 S5)
[    0.172781] ACPI: Using IOAPIC for interrupt routing
[    0.174171] PCI: Using host bridge windows from ACPI; if necessary, use "pci=nocrs" and report a bug
[    0.176219] ACPI: Enabled 2 GPEs in block 00 to 07
[    0.189446] ACPI: PCI Root Bridge [PCI0] (domain 0000 [bus 00-ff])
[    0.192025] acpi PNP0A03:00: _OSC: OS supports [ASPM ClockPM Segments MSI]
[    0.196053] acpi PNP0A03:00: _OSC: not requesting OS control; OS requires [ExtendedConfig ASPM ClockPM MSI]
[    0.200036] acpi PNP0A03:00: fail to add MMCONFIG information, can't access extended PCI configuration space under this bridge.
[    0.204516] PCI host bridge to bus 0000:00
[    0.205413] pci_bus 0000:00: root bus resource [io  0x0000-0x0cf7 window]
[    0.206820] pci_bus 0000:00: root bus resource [io  0x0d00-0xffff window]
[    0.208006] pci_bus 0000:00: root bus resource [mem 0x000a0000-0x000bffff window]
[    0.209579] pci_bus 0000:00: root bus resource [mem 0x40000000-0xfdffffff window]
[    0.212014] pci_bus 0000:00: root bus resource [bus 00-ff]
[    0.217287] pci 0000:00:01.1: legacy IDE quirk: reg 0x10: [io  0x01f0-0x01f7]
[    0.218737] pci 0000:00:01.1: legacy IDE quirk: reg 0x14: [io  0x03f6]
[    0.220005] pci 0000:00:01.1: legacy IDE quirk: reg 0x18: [io  0x0170-0x0177]
[    0.222429] pci 0000:00:01.1: legacy IDE quirk: reg 0x1c: [io  0x0376]
[    0.254136] pci 0000:00:07.0: quirk: [io  0x4000-0x403f] claimed by PIIX4 ACPI
[    0.256021] pci 0000:00:07.0: quirk: [io  0x4100-0x410f] claimed by PIIX4 SMB
[    0.269543] ACPI: PCI Interrupt Link [LNKA] (IRQs 5 9 10 *11)
[    0.272469] ACPI: PCI Interrupt Link [LNKB] (IRQs 5 9 *10 11)
[    0.273899] ACPI: PCI Interrupt Link [LNKC] (IRQs 5 *9 10 11)
[    0.276212] ACPI: PCI Interrupt Link [LNKD] (IRQs 5 9 10 *11)
[    0.278010] SCSI subsystem initialized
[    0.280083] pci 0000:00:02.0: vgaarb: setting as boot VGA device
[    0.284000] pci 0000:00:02.0: vgaarb: VGA device added: decodes=io+mem,owns=io+mem,locks=none
[    0.284019] pci 0000:00:02.0: vgaarb: bridge control possible
[    0.288007] vgaarb: loaded
[    0.288908] ACPI: bus type USB registered
[    0.290135] usbcore: registered new interface driver usbfs
[    0.291726] usbcore: registered new interface driver hub
[    0.292062] usbcore: registered new device driver usb
[    0.296145] EDAC MC: Ver: 3.0.0
[    0.297073] PCI: Using ACPI for IRQ routing
[    0.297345] NetLabel: Initializing
[    0.300012] NetLabel:  domain hash size = 128
[    0.301362] NetLabel:  protocols = UNLABELED CIPSOv4 CALIPSO
[    0.304037] NetLabel:  unlabeled traffic allowed by default
[    0.305854] clocksource: Switched to clocksource kvm-clock
[    0.325541] VFS: Disk quotas dquot_6.6.0
[    0.326760] VFS: Dquot-cache hash table entries: 512 (orde 0, 4096 byt)
[    43751] AppArmor: AppArmor Filesystem Enabled
[    0.522022] pnp: PnP ACPI init
[    0.524052] pnp: PnP ACPI: found 3 devices

[    0.539202] clocksource: acpi_pm: mask: 0xffffff max_cycles: 0xffffff, max_idle_ns: 2085701024 ns
[    0.541332] NET: Registered protocol family 2
[    0.543616] TCP established hash table entries: 8192 (order: 4, 65536 bytes)
[    0.567981] TCP bind hash table entries: 8192 (order: 5, 131072 bytes)
[    0.569869] TCP: Hash tables configured (established 8192 bind 8192)
[    0.571687] UDP hash table entries: 512 (order: 2, 16384 bytes)
[    0.572959] UDP-Lite hash tae entries: 512 (order: 2, 16384 bytes)
[    0.629641] NET: Registered protocol family 1
[    0.630986] pci 0000:00:00.0: Limiting direct PCI/PCI transfers
[    0.632786] pci 0000:00:01.0: Activating ISA DMA hang workarounds
[    0.634553] pci 0000:00:02.0: Video device with shadowed ROM at [mem 0x000c0000-0x000dffff]
[    0.637085] Unpacking initramfs...

[    0.994322] Freeing initrd memory: 19128K
[    1.003922] clocksource: tsc: mask: 0xffffffffffffffff max_cycles: 0x1872ee7fb19, max_idle_ns: 440795224680 ns
[    1.018070] platform rtc_cmos: registered platform RTC device (no PNP device found)
[    1.019718] Scanning for low memory corruption every 60 seconds
[    1.021718] Initialise system trusted keyrings
[    1.022690] Key type blacklist registered
[    1.023657] workingset: timestamp_bits=36 max_order=18 bucket_order=0
[    1.026716] zbud: loaded
[    1.028407] squashfs: version 4.0 (2009/01/31) Phillip Lougher
[    1.030705] fuse init (API version 7.26)
[    1.035140] Key type asymmetric registered
[    1.053706] Asymmetric key parser 'x509' registered
[    1.055260] Block layer SCSI generic (bsg) driver version 0.4 loaded (major 246)
[    1.066512] io scheduler noop registered
[    1.067702] io scheduler deadline registered
[    1.076372] io scheduler cfq registered (default)
[    1.086609] ACPI: AC Adapter [AC] (on-line)
[    1.106312] input: Power Button as /devices/LNXSYSTM:00/LNXPWRBN:00/input/input0
[    1.108316] ACPI: Power Button [PWRF]
[    1.112545] input: Sleep Button as /devices/LNXSYSTM:00/LNXSLPBN:00/input/input1
[    1.114374] ACPI: Sleep Button [SLPF]
[    1.116169] Serial: 8250/16550 driver, 32 ports, IRQ sharing enabled
[    1.117819] ACPI: Battery Slot [BAT0] (battery present)
[    1.142068] 00:02: ttyS0 at I/O 0x3f8 (irq = 4, base_baud = 115200) is a 16550A
[    1.149050] Linux agpgart interface v0.103
[    1.151390] loop: module loaded
[    1.166448] scsi host0: ata_piix
[    1.167497] scsi host1: ata_piix
[    1.168317] ata1: PATA max UDMA/33 cmd 0x1f0 ctl 0x3f6 bmdma 0xd000 irq 14
[    1.169702] ata2: PATA max UDMA/33 cmd 0x170 ctl 0x376 bmdma 0xd008 irq 15
[    1.177395] libphy: Fixed MDIO Bus: probed
[    1.196174] tun: Universal TUN/TAP device driver, 1.6
[    1.197546] PPP generic driver version 2.4.2
[    1.198549] ehci_hcd: USB 2.0 'Enhanced' Host Controller (EHCI) Driver
[    1.199921] ehci-pci: EHCI PCI platform driver
[    1.200936] ehci-platform: EHCI generic platform driver
[    1.216456] ohci_hcd: USB 1.1 'Open' Host Controller (OHCI) Driver
[    1.217719] ohci-pci: OHCI PCI platform driver
[    1.218707] ohci-platform: OHCI generic platform driver
[    1.219802] uhci_hcd: USB Universal Host Controller Interface driver
[    1.221393] i8042: PNP: PS/2 Controller [PNP0303:PS2K,PNP0f03:PS2M] at 0x60,0x64 irq 1,12
[    1.223688] serio: i8042 KBD port at 0x60,0x64 irq 1
[    1.224833] serio: i8042 AUX port at 0x60,0x64 irq 12
[    1.226017] mousedev: PS/2 mouse device common for all mice
[    1.227674] input: AT Translated Set 2 keyboard as /devices/platform/i8042/serio0/input/input2
[    1.230101] rtc_cmos rtc_cmos: rtc core: registered rtc_cmos as rtc0
[    1.232718] rtc_cmos rtc_cmos: alarms up to one day, 114 bytes nvram
[    1.234029] i2c /dev entries driver
[    1.234890] device-mapper: uevent: version 1.0.3
[    1.236051] device-mapper: ioctl: 4.37.0-ioctl (2017-09-20) initialised: dm-devel@redhat.com
[    1.237847] ledtrig-cpu: registered to indicate activity on CPUs
[    1.239664] NET: Registered protocol family 10
[    1.246678] Segment Routing with IPv6
[    1.247598] NET: Registered protocol family 17
[    1.248677] Key type dns_resolver registered
[    1.249912] RAS: Correctable Errors collector initialized.
[    1.252938] sched_clock: Marking stable (1252886554, 0)->(1887381470, -634494916)
[    1.255418] registered taskstats version 1
[    1.256384] Loading compiled-in X.509 certificates
[    1.260943] Loaded X.509 cert 'Build time autogenerated kernel key: 1cc14bc8298a06d551159822c55fa35abd77a621'
[    1.263081] zswap: loaded using pool lzo/zbud
[    1.269208] Key type big_key registered
[    1.275591] Key type trusted registered
[    1.280280] Key type encrypted registered
[    1.284396] AppArmor: AppArmor sha1 policy hashing enabled
[    1.285878] ima: No TPM chip found, activating TPM-bypass! (rc=-19)
[    1.287543] ima: Allocated hash algorithm: sha1
[    1.288845] evm: HMAC attrs: 0x1
[    1.290147]   Magic number: 11:581:306
[    1.293092] tty tty35: hash matches
[    1.295994] rtc_cmos rtc_cmos: setting system clock to 2019-07-16 01:18:08 UTC (1563239888)
[    1.305250] BIOS EDD facility v0.16 2004-Jun-25, 0 devices found
[    1.306481] EDD information not available.
[    1.340887] Freeing unused kernel image memory: 2408K
[    1.364139] Write protecting the kernel read-only data: 20480k
[    1.367412] Freeing unused kernel image memory: 2008K
[    1.379534] Freeing unused kernel image memory: 1872K
[    1.396626] x86/mm: Checked W+X mappings: passed, no W+X pages found.
[    1.639207] x86/mm: Checking user space page tables
[    1.649342] x86/mm: Checked W+X mappings: passed, no W+X pages found.
Loading, please wait...
starting version 237
[    1.770924] e1000: Intel(R) PRO/1000 Network Driver - version 7.3.21-k8-NAPI
[    1.788196] e1000: Copyright (c) 1999-2006 Intel Corporation.
[    1.793241] Fusion MPT base driver 3.04.20
[    1.808750] Copyright (c) 1999-2008 LSI Corporation
[    1.823786] Fusion MPT SPI Host driver 3.04.20
[    2.026284] input: ImExPS/2 Generic Explorer Mouse as /devices/platform/i8042/serio1/input/input4
[    2.258525] e1000 0000:00:03.0 eth0: (PCI:33MHz:32-bit) 02:26:45:5c:bc:af
[    2.260510] e1000 0000:00:03.0 eth0: Intel(R) PRO/1000 Network Connection
[    2.268518] mptbase: ioc0: Initiating bringup
[    2.270458] e1000 0000:00:03.0 enp0s3: renamed from eth0
[    2.364779] ioc0: LSI53C1030 A0: Capabilities={Initiator}
[    2.606544] scsi host2: ioc0: LSI53C1030 A0, FwRev=00000000h, Ports=1, MaxQ=256, IRQ=20
[    2.793219] scsi 2:0:0:0: Direct-Access     VBOX     HARDDISK         1.0  PQ: 0 ANSI: 5
[    2.860309] scsi target2:0:0: Beginning Domain Validation
[    2.869738] scsi target2:0:0: Domain Validation skipping write tests
[    2.871149] scsi target2:0:0: Ending Domain Validation
[    2.872334] scsi target2:0:0: asynchronous
[    2.873885] scsi 2:0:1:0: Direct-Access     VBOX     HARDDISK         1.0  PQ: 0 ANSI: 5
[    2.912097] scsi target2:0:1: Beginning Domain Validation
[    2.919824] random: fast init done
[    2.921252] scsi target2:0:1: Domain Validation skipping write tests
[    2.923162] scsi target2:0:1: Ending Domain Validation
[    2.924811] scsi target2:0:1: asynchronous
[    2.932136] random: systemd-udevd: uninitialized urandom read (16 bytes read)
[    2.933958] sd 2:0:0:0: Attached scsi generic sg0 type 0
[    2.934241] sd 2:0:0:0: [sda] 20971520 512-byte logical blocks: (10.7 GB/10.0 GiB)
[    2.934323] sd 2:0:0:0: [sda] Write Protect is off
[    2.934474] sd 2:0:0:0: [sda] Incomplete mode parameter data
[    2.934476] sd 2:0:0:0: [sda] Assuming drive cache: write through
[    2.935105] random: systemd-udevd: uninitialized urandom read (16 bytes read)
[    2.935183] random: systemd-udevd: uninitialized urandom read (16 bytes read)
[    2.936350]  sda: sda1
[    2.937200] sd 2:0:0:0: [sda] Attached SCSI disk
[    2.967947] sd 2:0:1:0: Attached scsi generic sg1 type 0
[    2.969417] sd 2:0:1:0: [sdb] 20480 512-byte logical blocks: (10.5 MB/10.0 MiB)
[    2.971111] sd 2:0:1:0: [sdb] Write Protect is off
[    2.972345] sd 2:0:1:0: [sdb] Incomplete mode parameter data
[    2.996408] sd 2:0:1:0: [sdb] Assuming drive cache: write through
[    3.014340] sd 2:0:1:0: [sdb] Attached SCSI disk
Begin: Loading essential drivers ... [    4.708053] raid6: sse2x1   gen()  6439 MB/s
[    4.756063] raid6: sse2x1   xor()  4650 MB/s
[    4.804093] raid6: sse2x2   gen()  7322 MB/s
[    4.852084] raid6: sse2x2   xor()  3495 MB/s
[    4.904053] raid6: sse2x4   gen()  7378 MB/s
[    4.952026] raid6: sse2x4   xor()  5379 MB/s
[    4.953061] raid6: using algorithm sse2x4 gen() 7378 MB/s
[    4.954180] raid6: .... xor() 5379 MB/s, rmw enabled
[    4.955234] raid6: using ssse3x2 recovery algorithm
[    4.958288] xor: automatically using best checksumming function   avx       
[    4.977967] async_tx: api initialized (async)
done.
Begin: Running /scripts/init-premount ... done.
Begin: Mounting root file system ... Begin: Running /scripts/local-top ... done.
Begin: Running /scripts/local-premount ... [    5.068332] Btrfs loaded, crc32c=crc32c-intel
Scanning for Btrfs filesystems
done.
Warning: fsck no[    5.128047] EXT4-fs (sda1): mounted filesystem with ordered data mode. Opts: (null)
t present, so skipping root file system
done.
Begin: Running /scripts/local-bottom ... done.
Begin: Running /scripts/init-bottom ... done.
[    5.324555] ip_tables: (C) 2000-2006 Netfilter Core Team
[    5.341328] systemd[1]: systemd 237 running in system mode. (+PAM +AUDIT +SELINUX +IMA +APPARMOR +SMACK +SYSVINIT +UTMP +LIBCRYPTSETUP +GCRYPT +GNUTLS +ACL +XZ +LZ4 +SECCOMP +BLKID +ELFUTILS +KMOD -IDN2 +IDN -PCRE2 default-hierarchy=hybrid)
[    5.367545] systemd[1]: Detected virtualization oracle.
[    5.368703] systemd[1]: Detected architecture x86-64.

Welcome to [1mUbuntu 18.04.2 LTS[0m!

[    5.392796] systemd[1]: Set hostname to <ubuntu>.
[    5.414075] systemd[1]: Initializing machine ID from random generator.
[    5.416151] systemd[1]: Installed transient /etc/machine-id file.
[    5.706891] systemd[1]: Created slice System Slice.
[[0;32m  OK  [0m] Created slice System Slice.
[    5.720357] systemd[1]: Listening on LVM2 metadata daemon socket.
[[0;32m  OK  [0m] Listening on LVM2 metadata daemon socket.
[    5.749706] systemd[1]: Created slice system-serial\x2dgetty.slice.
[[0;32m  OK  [0m] Created slice system-serial\x2dgetty.slice.
[    5.753604] systemd[1]: Listening on /dev/initctl Compatibility Named Pipe.
[[0;32m  OK  [0m] Listening on /dev/initctl Compatibility Named Pipe.
[[0;32m  OK  [0m] Listening on udev Control Socket.
[[0;32m  OK  [0m] Listening on Journal Socket (/dev/log).
[[0;32m  OK  [0m] Listening on Journal Socket.
         Mounting Kernel Debug File System...
         Starting Uncomplicated firewall...
         Starting Load Kernel Modules...
[[0;32m  OK  [0m] Reached target Swap.
         Starting Remount Root and Kernel File Systems...
[[0;32m  OK  [0m] Reached target User and Group Name Lookups.
[[0;32m  OK  [0m] Listening on Network Service [    5.799136] Loading iSCSI transport class v2.0-870.
Netlink Socket.
[    5.814298] EXT4-fs (sda1): re-mounted. Opts: (null)
[[0;32m  OK  [0m] Set up automount Arbitrary Executab…rmats File System Automount Point.
[    5.835882] iscsi: registered transport (tcp)
[[0;32m  OK  [0m] Listening on Journal Audit Socket.
[[0;32m  OK  [0m] Listening on [    5.861058] iscsi: registered transport (iser)
Device-mapper event daemon FIFOs.
         Starting Monitoring of LVM2 mirrors…ng dmeventd or progress polling...
[[0;32m  OK  [0m] Listening on Syslog Socket.
[[0;32m  OK  [0m] Reached target System Time Synchronized.
         Starting Journal Service...
[[0;32m  OK  [0m] Started Forward Password Requests to Wall Directory Watch.
         Starting Create list of required st…ce nodes for the current kernel...
         Mounting Huge Pages File System...
[[0;32m  OK  [0m] Created slice User and Session Slice.
[[0;32m  OK  [0m] Reached target Slices.
         Mounting POSIX Message Queue File System...
[[0;32m  OK  [0m] Listening on udev Kernel Socket.
         Starting udev Coldplug all Devices...
[[0;32m  OK  [0m] Listening on LVM2 poll daemon socket.
         Starting Set the console keyboard layout...
[[0;32m  OK  [0m] Started Journal Service.
[[0;32m  OK  [0m] Mounted Kernel Debug File System.
[[0;32m  OK  [0m] Started Uncomplicated firewall.
[[0;32m  OK  [0m] Started Load Kernel Modules.
[[0;32m  OK  [0m] Started Remount Root and Kernel File Systems.
[[0;32m  OK  [0m] Started Create list of required sta…vice nodes for the current kernel.
[[0;32m  OK  [0m] Mounted Huge Pages File System.
[[0;32m  OK  [0m] Mounted POSIX Message Queue File System.
[[0;32m  OK  [0m] Started LVM2 metadata daemon.
         Starting Create Static Device Nodes in /dev...
         Starting Load/Save Random Seed...
         Starting Apply Kernel Variables...
         Mounting FUSE Control File System...
         Mounting Kernel Configuration File System...
         Starting Flush Journal to Persistent Storage...
[[0;32m  OK  [0m] Started Monitoring of LVM2 mirrors,…sing dmeventd or progress polling.
[[0;32m  OK  [0m] Started Set the console keyboard layout.
[[0;32m  OK  [0m] Started udev Coldplug all Devices.
[[0;32m  OK  [0m] Started Create Static Device Nodes in /dev.
[[0;32m  OK  [0m] Started Load/Save Random Seed.
[[0;32m  OK  [0m] Mounted FUSE Control File System.
[[0;32m  OK  [0m] Started Apply Kernel Variables.
[[0;32m  OK  [0m] Mounted Kernel Configuration File System.
         Starting udev Kernel Device Manager...
[[0;32m  OK  [0m] Reached target Local File Systems (Pre).
[[0;32m  OK  [0m] Reached target Local File Systems.
         Starting Commit a transient machine-id on disk...
         Starting AppArmor initialization...
         Starting Set console font and keymap...
         Starting Tell Plymouth To Write Out Runtime Data...
         Starting ebtables ruleset management...
[[0;32m  OK  [0m] Started udev Kernel Device Manager.
[[0;32m  OK  [0m] Started Commit a transient machine-id on disk.
[[0;32m  OK  [0m] Started Set console font and keymap.
[[0;32m  OK  [0m] Started Tell Plymouth To Write Out Runtime Data.
[[0;32m  OK  [0m] Started Dispatch Password Requests to Console Directory Watch.
[[0;32m  OK  [0m] Reached target Local Encrypted Volumes.
[[0;32m  OK  [0m] Started Flush Journal to Persistent Storage.
         Starting Create Volatile Files and Directories...
[[0;32m  OK  [0m] Started ebtables ruleset management.
[[0;32m  OK  [0m] Started Create Volatile Files and Directories.
         Starting Update UTMP about System Boot/Shutdown...
[[0;32m  OK  [0m] Started Update UTMP about System Boot/Shutdown.
[[0;32m  OK  [0m] Found device /dev/ttyS0.
[[0;32m  OK  [0m] Listening on Load/Save RF Kill Switch Status /dev/rfkill Watch.
[[0;32m  OK  [0m] Started AppArmor initialization.
         Starting Initial cloud-init job (pre-networking)...
[    9.833959] cloud-init[512]: Cloud-init v. 19.1-1-gbaa47854-0ubuntu1~18.04.1 running 'init-local' at Tue, 16 Jul 2019 01:18:16 +0000. Up 9.30 seconds.
[[0;32m  OK  [0m] Started Initial cloud-init job (pre-networking).
[[0;32m  OK  [0m] Reached target Network (Pre).
         Starting Network Service...
[[0;32m  OK  [0m] Started Network Service.
         Starting Network Name Resolution...
         Starting Wait for Network to be Configured...
[[0;32m  OK  [0m] Started Network Name Resolution.
[[0;32m  OK  [0m] Reached target Network.
[[0;32m  OK  [0m] Reached target Host and Network Name Lookups.
[[0;32m  OK  [0m] Started Wait for Network to be Configured.
         Starting Initial cloud-init job (metadata service crawler)...
[   12.262188] cloud-init[630]: Cloud-init v. 19.1-1-gbaa47854-0ubuntu1~18.04.1 running 'init' at Tue, 16 Jul 2019 01:18:19 +0000. Up 11.97 seconds.
[   12.276224] cloud-init[630]: ci-info: ++++++++++++++++++++++++++++++++++++++Net device info++++++++++++++++++++++++++++++++++++++
[   12.279005] cloud-init[630]: ci-info: +--------+------+----------------------------+---------------+--------+-------------------+
[   12.298357] cloud-init[630]: ci-info: | Device |  Up  |          Address           |      Mask     | Scope  |     Hw-Address    |
[   12.328889] cloud-init[630]: ci-info: +--------+------+----------------------------+---------------+--------+-------------------+
[   12.342567] cloud-init[630]: ci-info: | enp0s3 | True |         10.0.2.15          | 255.255.255.0 | global | 02:26:45:5c:bc:af |
[   12.350374] cloud-init[630]: ci-info: | enp0s3 | True | fe80::26:45ff:fe5c:bcaf/64 |       .       |  link  | 02:26:45:5c:bc:af |
[   12.358378] cloud-init[630]: ci-info: |   lo   | True |         127.0.0.1          |   255.0.0.0   |  host  |         .         |
[   12.377422] cloud-init[630]: ci-info: |   lo   | True |          ::1/128           |       .       |  host  |         .         |
[   12.384877] cloud-init[630]: ci-info: +--------+------+----------------------------+---------------+--------+-------------------+
[   12.416390] cloud-init[630]: ci-info: ++++++++++++++++++++++++++++Route IPv4 info+++++++++++++++++++++++++++++
[   12.445250] cloud-init[630]: ci-info: +-------+-------------+----------+-----------------+-----------+-------+
[   12.467854] cloud-init[630]: ci-info: | Route | Destination | Gateway  |     Genmask     | Interface | Flags |
[   12.493665] cloud-init[630]: ci-info: +-------+-------------+----------+-----------------+-----------+-------+
[   12.499807] cloud-init[630]: ci-info: |   0   |   0.0.0.0   | 10.0.2.2 |     0.0.0.0     |   enp0s3  |   UG  |
[   12.505609] cloud-init[630]: ci-info: |   1   |   10.0.2.0  | 0.0.0.0  |  255.255.255.0  |   enp0s3  |   U   |
[   12.533974] cloud-init[630]: ci-info: |   2   |   10.0.2.2  | 0.0.0.0  | 255.255.255.255 |   enp0s3  |   UH  |
[   12.545378] cloud-init[630]: ci-info: +-------+-------------+----------+-----------------+-----------+-------+
[   12.562837] cloud-init[630]: ci-info: +++++++++++++++++++Route IPv6 info+++++++++++++++++++
[   12.569802] cloud-init[630]: ci-info: +-------+-------------+---------+-----------+-------+
[   12.588420] cloud-init[630]: ci-info: | Route | Destination | Gateway | Interface | Flags |
[   12.622732] cloud-init[630]: ci-info: +-------+-------------+---------+-----------+-------+
[   12.625186] cloud-init[630]: ci-info: |   1   |  fe80::/64  |    ::   |   enp0s3  |   U   |
[   12.643546] cloud-init[630]: ci-info: |   3   |    local    |    ::   |   enp0s3  |   U   |
[   12.731696] cloud-init[630]: ci-info: |   4   |   ff00::/8  |    ::   |   enp0s3  |   U   |
[   12.744644] cloud-init[630]: ci-info: +-------+-------------+---------+-----------+-------+
[   13.102410] cloud-init[630]: Generating public/private rsa key pair.
[   13.174952] cloud-init[630]: Your identification has been saved in /etc/ssh/ssh_host_rsa_key.
[   13.192317] [[0;32m  OK  [0m] Started Initial cloud-init job (metadata service crawler).
[[0;32m  OK  [0m] Reached target Network is Online.
cloud-init[630]: Your public key has been saved in /etc/ssh/ssh_host_rsa_key.pub.
[[0;32m  OK  [0m] Reached target Remote File Systems (Pre).
[[0;32m  OK  [0m] Reached target Remote File Systems.
[   13.205484] cloud-init[630]: The key fingerprint is:
         Starting Availability of block devices...
[[0;32m  OK  [0m] Reached target System Initialization.
[   13.257312] [[0;32m  OK  [0m] Listening on UUID daemon activation socket.
cloud-init[630]: SHA256:7JbLYi5j7djGxAe/jgntNtIIYt/3uoO4aeK04OcQoFw root@ubuntu-bionic
         Starting Socket activation for snappy daemon.
[[0;32m  OK  [0m] Listening on Open-iSCSI iscsid Socket.
[[0;32m  OK  [0m] Listening on ACPID Listen Socket.
[   13.278396] [[0;32m  OK  [0m] Listening on D-Bus System Message Bus Socket.
[[0;32m  OK  [0m] Started Discard unused blocks once a week.
cloud-init[630]: The key's randomart image is:
[[0;32m  OK  [0m] Started Message of the Day.
[   13.352299] [[0;32m  OK  [0m] Started Daily apt download activities.
[[0;32m  OK  [0m] Started Daily apt upgrade and clean activities.
cloud-init[630]: +---[RSA 2048]----+
[[0;32m  OK  [0m] Started ACPI Events Check.
[   13.398029] [[0;32m  OK  [0m] Started Daily Cleanup of Temporary Directories.
cloud-init[630]: |                 |
         Starting LXD - unix socket.
[[0;32m  OK  [0m] Reached target Paths.
[   13.487338] [[0;32m  OK  [0m] Reached target Timers.
[[0;32m  OK  [0m] Reached target Cloud-config availability.
[[0;32m  OK  [0m] Started Availability of block devices.
cloud-init[630]: |                 |
[[0;32m  OK  [0m] Listening on Socket activation for snappy daemon.
[[   13.539033] [0;32m  OK  [0mcloud-init] [630]: |.  E             |Listening on LXD - unix socket.

[[0;32m  OK  [0m] Reached target Sockets.
[   13.554230] [[0;32m  OK  [0m] Reached target Basic System.
cloud-init[630]: |+ .   ..         |
[[0;32m  OK  [0m] Started D-Bus System Message Bus.
[   13.557215] cloud-init[630]: |.o   . oS        |
[   13.559702] cloud-init[630]: |..o  .o.o.       |
[   13.574959] cloud-init[630]: |o+..+*o.+.       |
         Starting LSB: Record successful boot for GRUB...
[   13.615931] cloud-init[630]: |+.o=BBXB..       |
         Starting Permit User Sessions...
         Starting Virtualbox guest utils...
[   13.624057] cloud-init[630]: |.+==oXO*O.       |
[[0;32m  OK  [0m] Started Deferred execution scheduler.
[   13.657060] cloud-init[630]: +----[SHA256]-----+
[[0;32m  OK  [0m] Started FUSE filesystem for LXC.
[   13.681596] cloud-init[630]: Generating public/private dsa key pair.
[   13.691687]          Starting System Logging Service...
cloud-init[630]: Your identification has been saved in /etc/ssh/ssh_host_dsa_key.
         Starting Accounts Service...
[   13.723983] cloud-init[630]: Your public key has been saved in /etc/ssh/ssh_host_dsa_key.pub.
[   13.739893] cloud-init[630]: The key fingerprint is:
[   13.752957] cloud-init[630]: SHA256:h2WRLqeBY/cWVyZarxeiTpx9TDCIz50J1UOlploa9yw root@ubuntu-bionic
         Starting Snappy daemon...
[   13.808915] cloud-init[630]: The key's randomart image is:
[   13.817626] cloud-init[630]: +---[DSA 1024]----+
[   13.825749] cloud-init[630]: |         ..+.o...|
[   13.838619] cloud-init[630]: |        . +.= =. |
[   13.842260] cloud-init[630]: |       . +o= Xo. |
[   13.845942] cloud-init[630]: |      + ++B *o+  |
[   13.848701] cloud-init[630]: |     . oSBo*+= . |
[   13.850170] cloud-init[630]: |        ..B*oo+  |
[   13.851687] cloud-init[630]: |         +o Eoo  |
[   13.854489] cloud-init[630]: |          .  .   |
[[0;32m  OK  [0m] Started Regular background program processing daemon.
[   13.877887] cloud-init[630]: |                 |
         Starting LXD - container startup/shutdown...
[   13.898316] cloud-init[630]: +----[SHA256]-----+
[   13.915070] cloud-init[630]: Generating public/private ecdsa key pair.
[   13.932627] cloud-init[630]: Your identification has been saved in /etc/ssh/ssh_host_ecdsa_key.
[   13.997832] cloud-init[630]:          Starting Pollinate to seed the pseudo random number generator...
Your public key has been saved in /etc/ssh/ssh_host_ecdsa_key.pub.
[   14.008589] cloud-init[630]: The key fingerprint is:
         Starting LSB: automatic crash report generation...
[   14.029509] cloud-init[630]: SHA256:wDjnz3sFGEI5tzQ80LRc8iwwK2RxivEi+dRkOPy4giQ root@ubuntu-bionic
[   14.142416] [cloud-init[0;32m  OK  [0m[630]: ] The key's randomart image is:
Started irqbalance daemon.
[   14.143254] cloud-init[630]: +---[ECDSA 256]---+
[   14.193886] cloud-init[630]:          | ...*o**o .      |Starting Login Service...

[   14.216274] cloud-init[630]: | .+X =+=O*       |
         Starting Dispatcher daemon for systemd-networkd...
[   14.242354] cloud-init[630]: |o ++B ==+*o      |
[   14.257461] [cloud-init[0;32m  OK  [0m[630]: ] |E=...= .o..      |Started System Logging Service.

[[0;32m  OK  [0m] Started Permit User Sessions.
[   14.303991] cloud-init[630]: |+ ..  . S  .     |[[0;32m  OK  [0m] Started LXD - container startup/shutdown.

[   14.342106] cloud-init[630]: |o .    o    .    |
[[0;32m  OK  [0m] Started Login Service.
[   14.378023] cloud-init[630]: | .      o  .     |
[[0;32m  OK  [0m] Started Unattended Upgrades Shutdown.
[   14.400326] cloud-init[630]: |         ..      |
         Starting Authorization Manager...
[   14.425251] cloud-init[630]: |        ..       |
         Starting Hold until boot process finishes up...
         Starting Terminate Plymouth Boot Screen...
[[0;32m  OK  [0m] Started Snappy daemon.
[   14.519409] cloud-init[630]: +----[SHA256]-----+
[[0;32m  OK  [0m] Started LSB: Record successful boot for GRUB.
[   14.534428] cloud-init[630]: Generating public/private ed25519 key pair.
[[0;32m  OK  [0m] Started LSB: automatic crash report generation.
[   14.597060] cloud-init[630]: Your identification has been saved in /etc/ssh/ssh_host_ed25519_key.[[0;32m  OK  [0m] Started Hold until boot process finishes up.

[[0;32m  OK  [0m] Started Terminate Plymouth Boot Screen.
[   14.627409] cloud-init[630]: Your public key has been saved in /etc/ssh/ssh_host_ed25519_key.pub.
[[0;32m  OK  [0m] Started Authorization Manager.
[[0;32m  OK  [0m] Started Accounts Service.
[   14.667007] cloud-init[630]: The key fingerprint is:
         Starting Set console scheme...
[[0;32m  OK  [0m] Started Serial Getty on ttyS0.
         Starting Wait until snapd is fully seeded...
[[0;32m  OK  [0m] Started Virtualbox guest utils.
[   14.680142] cloud-init[630]: SHA256:vp80QXuL+aROyl6xutFWsCe2wonSCNySaWH0HwJvi64 root@ubuntu-bionic
[   14.740548] cloud-init[630]: The key's randomart image is:
[   14.767322] cloud-init[630]: +--[ED25519 256]--+
[   14.792304] cloud-init[[0;32m  OK  [0m] Started Set console scheme.
[630]: |  o              |
[[0;32m  OK  [0m] Created slice system-getty.slice.
[   14.801741] cloud-init[630]: | . +             |[[0;32m  OK  [0m] Started Getty on tty1.
[[0;32m  OK  [0m] Reached target Login Prompts.

[   14.816557] cloud-init[630]: |  o = .   o      |
[   14.823243] cloud-init[630]: | o B + . . +     |
[   14.826343] cloud-init[630]: |  O o . S B +    |
[   14.828136] cloud-init[630]: | o o o + + % .   |
[   14.830817] cloud-init[630]: |  . o o * % o    |
[   14.832291] cloud-init[630]: | .   . . @ *     |
[   14.837482] cloud-init[630]: |E      .B+= .    |
[   14.840573] cloud-init[630]: +----[SHA256]-----+
[[0;32m  OK  [0m] Started Dispatcher daemon for systemd-networkd.
[[0;32m  OK  [0m] Started Pollinate to seed the pseudo random number generator.
         Starting OpenBSD Secure Shell server...
[[0;32m  OK  [0m] Started OpenBSD Secure Shell server.
[[0;32m  OK  [0m] Created slice User Slice of vagrant.
         Starting User Manager for UID 1000...
[[0;32m  OK  [0m] Started Session 1 of user vagrant.
[[0;32m  OK  [0m] Started User Manager for UID 1000.
[[0;32m  OK  [0m] Started Wait until snapd is fully seeded.
[[0;32m  OK  [0m] Reached target Multi-User System.
[[0;32m  OK  [0m] Reached target Graphical Interface.
         Starting Update UTMP about System Runlevel Changes...
         Starting Apply the settings specified in cloud-config...
[[0;32m  OK  [0m] Started Update UTMP about System Runlevel Changes.
[   18.943306] cloud-init[1217]: Cloud-init v. 19.1-1-gbaa47854-0ubuntu1~18.04.1 running 'modules:config' at Tue, 16 Jul 2019 01:18:24 +0000. Up 17.62 seconds.
[[0;32m  OK  [0m] Started Apply the settings specified in cloud-config.
         Starting Execute cloud user/final scripts...
ci-info: no authorized ssh keys fingerprints found for user ubuntu.
<14>Jul 16 01:18:27 ec2: 
<14>Jul 16 01:18:27 ec2: #############################################################
<14>Jul 16 01:18:27 ec2: -----BEGIN SSH HOST KEY FINGERPRINTS-----
<14>Jul 16 01:18:27 ec2: 1024 SHA256:h2WRLqeBY/cWVyZarxeiTpx9TDCIz50J1UOlploa9yw root@ubuntu-bionic (DSA)
<14>Jul 16 01:18:27 ec2: 256 SHA256:wDjnz3sFGEI5tzQ80LRc8iwwK2RxivEi+dRkOPy4giQ root@ubuntu-bionic (ECDSA)
<14>Jul 16 01:18:27 ec2: 256 SHA256:vp80QXuL+aROyl6xutFWsCe2wonSCNySaWH0HwJvi64 root@ubuntu-bionic (ED25519)
<14>Jul 16 01:18:27 ec2: 2048 SHA256:7JbLYi5j7djGxAe/jgntNtIIYt/3uoO4aeK04OcQoFw root@ubuntu-bionic (RSA)
<14>Jul 16 01:18:27 ec2: -----END SSH HOST KEY FINGERPRINTS-----
<14>Jul 16 01:18:27 ec2: #############################################################
-----BEGIN SSH HOST KEY KEYS-----
ecdsa-sha2-nistp256 AAAAE2VjZHNhLXNoYTItbmlzdHAyNTYAAAAIbmlzdHAyNTYAAABBBLrbwqgAlGEXynXE5/kZHdre0I0F9p2J/HaKzqISnvaUu71QbllmKJFVyETNbgFgvA7J12Lna74JT1F/RjvFDGw= root@ubuntu-bionic
ssh-ed25519 AAAAC3NzaC1lZDI1NTE5AAAAICIBnRbkEOwjico6RGZlaq/eigi9C0UrWUKDRIWSTjEF root@ubuntu-bionic
ssh-rsa AAAAB3NzaC1yc2EAAAADAQABAAABAQC/IzPtvPENWZIUYXS2izkWUwvLtXaffdVKCrYXrzGjV4b9jJQfog3VIQ4buC9MZIHVQBJ4TQdoUT6VlUxjztrsfqqGQtgDgXGW4/4NQrXnFjQ15IVjxy1riwYQXEO34FK5crTo6tOq8bRD+fmdPPMdQIiiV74SaAabDaH8cO4BNk6A0gT48djTLc3O5dJYhnAxx7HRtpeJO70g0h8rNiOIklOJVnh62JBLNwFFXUDC2PzSs6kKwc2N+MRSWeCyRT4yvZgXf5fFLInTvHGhmgPVfmB6WnLqz9qI1uIfr6HhpyyA0G/CFT75/I8PAV+2boxEldyyFWXvK0bR72J7LMSH root@ubuntu-bionic
-----END SSH HOST KEY KEYS-----
[   20.070345] cloud-init[1339]: Cloud-init v. 19.1-1-gbaa47854-0ubuntu1~18.04.1 running 'modules:final' at Tue, 16 Jul 2019 01:18:27 +0000. Up 19.81 seconds.
[   20.070513] cloud-init[1339]: ci-info: no authorized ssh keys fingerprints found for user ubuntu.
[   20.070616] cloud-init[1339]: Cloud-init v. 19.1-1-gbaa47854-0ubuntu1~18.04.1 finished at Tue, 16 Jul 2019 01:18:27 +0000. Datasource DataSourceNoCloud [seed=/dev/sdb][dsmode=net].  Up 20.05 seconds

Ubuntu 18.04.2 LTS ubuntu-bionic ttyS0

ubuntu-bionic login: 